CRITICAL - 2025-01-14 16:27:01 --> Intervention\Image\Exception\NotSupportedException: GD Library extension not available with this PHP installation.
[Method: POST, Route: upload-image-session-post]
in APPPATH\ThirdParty\intervention-image\vendor\intervention\image\src\Intervention\Image\Gd\Driver.php on line 19.
 1 APPPATH\ThirdParty\intervention-image\vendor\intervention\image\src\Intervention\Image\ImageManager.php(112): Intervention\Image\Gd\Driver->__construct()
 2 APPPATH\ThirdParty\intervention-image\vendor\intervention\image\src\Intervention\Image\ImageManager.php(54): Intervention\Image\ImageManager->createDriver()
 3 APPPATH\ThirdParty\intervention-image\vendor\intervention\image\src\Intervention\Image\ImageManagerStatic.php(58): Intervention\Image\ImageManager->make('uploads/temp/temp_67863bf4f420e6-12421451.jpg')
 4 APPPATH\Models\UploadModel.php(93): Intervention\Image\ImageManagerStatic::make('uploads/temp/temp_67863bf4f420e6-12421451.jpg')
 5 APPPATH\Models\FileModel.php(71): App\Models\UploadModel->uploadProductImage('uploads/temp/temp_67863bf4f420e6-12421451.jpg', 'small', 'temp')
 6 APPPATH\Controllers\FileController.php(38): App\Models\FileModel->uploadImageSession()
 7 SYSTEMPATH\CodeIgniter.php(933): App\Controllers\FileController->uploadImageSession()
 8 SYSTEMPATH\CodeIgniter.php(509): CodeIgniter\CodeIgniter->runController(Object(App\Controllers\FileController))
 9 SYSTEMPATH\CodeIgniter.php(355): CodeIgniter\CodeIgniter->handleRequest(null, Object(Config\Cache), false)
10 SYSTEMPATH\Boot.php(325): CodeIgniter\CodeIgniter->run()
11 SYSTEMPATH\Boot.php(67): CodeIgniter\Boot::runCodeIgniter(Object(CodeIgniter\CodeIgniter))
12 FCPATH\index.php(56): CodeIgniter\Boot::bootWeb(Object(Config\Paths))
CRITICAL - 2025-01-14 16:30:52 --> Intervention\Image\Exception\NotSupportedException: GD Library extension not available with this PHP installation.
[Method: POST, Route: Category/addCategoryPost]
in APPPATH\ThirdParty\intervention-image\vendor\intervention\image\src\Intervention\Image\Gd\Driver.php on line 19.
 1 APPPATH\ThirdParty\intervention-image\vendor\intervention\image\src\Intervention\Image\ImageManager.php(112): Intervention\Image\Gd\Driver->__construct()
 2 APPPATH\ThirdParty\intervention-image\vendor\intervention\image\src\Intervention\Image\ImageManager.php(54): Intervention\Image\ImageManager->createDriver()
 3 APPPATH\ThirdParty\intervention-image\vendor\intervention\image\src\Intervention\Image\ImageManagerStatic.php(58): Intervention\Image\ImageManager->make('uploads/temp/temp_67863cdc6f5f79-51095916.jpg')
 4 APPPATH\Models\UploadModel.php(173): Intervention\Image\ImageManagerStatic::make('uploads/temp/temp_67863cdc6f5f79-51095916.jpg')
 5 APPPATH\Models\CategoryModel.php(465): App\Models\UploadModel->uploadCategoryImage('uploads/temp/temp_67863cdc6f5f79-51095916.jpg')
 6 APPPATH\Controllers\CategoryController.php(70): App\Models\CategoryModel->addCategory()
 7 SYSTEMPATH\CodeIgniter.php(933): App\Controllers\CategoryController->addCategoryPost()
 8 SYSTEMPATH\CodeIgniter.php(509): CodeIgniter\CodeIgniter->runController(Object(App\Controllers\CategoryController))
 9 SYSTEMPATH\CodeIgniter.php(355): CodeIgniter\CodeIgniter->handleRequest(null, Object(Config\Cache), false)
10 SYSTEMPATH\Boot.php(325): CodeIgniter\CodeIgniter->run()
11 SYSTEMPATH\Boot.php(67): CodeIgniter\Boot::runCodeIgniter(Object(CodeIgniter\CodeIgniter))
12 FCPATH\index.php(56): CodeIgniter\Boot::bootWeb(Object(Config\Paths))
CRITICAL - 2025-01-14 16:31:00 --> Intervention\Image\Exception\NotSupportedException: GD Library extension not available with this PHP installation.
[Method: POST, Route: Category/addCategoryPost]
in APPPATH\ThirdParty\intervention-image\vendor\intervention\image\src\Intervention\Image\Gd\Driver.php on line 19.
 1 APPPATH\ThirdParty\intervention-image\vendor\intervention\image\src\Intervention\Image\ImageManager.php(112): Intervention\Image\Gd\Driver->__construct()
 2 APPPATH\ThirdParty\intervention-image\vendor\intervention\image\src\Intervention\Image\ImageManager.php(54): Intervention\Image\ImageManager->createDriver()
 3 APPPATH\ThirdParty\intervention-image\vendor\intervention\image\src\Intervention\Image\ImageManagerStatic.php(58): Intervention\Image\ImageManager->make('uploads/temp/temp_67863ce49373b8-83269231.jpg')
 4 APPPATH\Models\UploadModel.php(173): Intervention\Image\ImageManagerStatic::make('uploads/temp/temp_67863ce49373b8-83269231.jpg')
 5 APPPATH\Models\CategoryModel.php(465): App\Models\UploadModel->uploadCategoryImage('uploads/temp/temp_67863ce49373b8-83269231.jpg')
 6 APPPATH\Controllers\CategoryController.php(70): App\Models\CategoryModel->addCategory()
 7 SYSTEMPATH\CodeIgniter.php(933): App\Controllers\CategoryController->addCategoryPost()
 8 SYSTEMPATH\CodeIgniter.php(509): CodeIgniter\CodeIgniter->runController(Object(App\Controllers\CategoryController))
 9 SYSTEMPATH\CodeIgniter.php(355): CodeIgniter\CodeIgniter->handleRequest(null, Object(Config\Cache), false)
10 SYSTEMPATH\Boot.php(325): CodeIgniter\CodeIgniter->run()
11 SYSTEMPATH\Boot.php(67): CodeIgniter\Boot::runCodeIgniter(Object(CodeIgniter\CodeIgniter))
12 FCPATH\index.php(56): CodeIgniter\Boot::bootWeb(Object(Config\Paths))
CRITICAL - 2025-01-14 16:34:21 --> Intervention\Image\Exception\NotSupportedException: GD Library extension not available with this PHP installation.
[Method: POST, Route: Admin/addSliderItemPost]
in APPPATH\ThirdParty\intervention-image\vendor\intervention\image\src\Intervention\Image\Gd\Driver.php on line 19.
 1 APPPATH\ThirdParty\intervention-image\vendor\intervention\image\src\Intervention\Image\ImageManager.php(112): Intervention\Image\Gd\Driver->__construct()
 2 APPPATH\ThirdParty\intervention-image\vendor\intervention\image\src\Intervention\Image\ImageManager.php(54): Intervention\Image\ImageManager->createDriver()
 3 APPPATH\ThirdParty\intervention-image\vendor\intervention\image\src\Intervention\Image\ImageManagerStatic.php(58): Intervention\Image\ImageManager->make('uploads/temp/temp_67863dad1d5693-52883871.jpg')
 4 APPPATH\Models\UploadModel.php(182): Intervention\Image\ImageManagerStatic::make('uploads/temp/temp_67863dad1d5693-52883871.jpg')
 5 APPPATH\Models\CommonModel.php(104): App\Models\UploadModel->uploadSliderImage('uploads/temp/temp_67863dad1d5693-52883871.jpg', false)
 6 APPPATH\Controllers\AdminController.php(145): App\Models\CommonModel->addSliderItem()
 7 SYSTEMPATH\CodeIgniter.php(933): App\Controllers\AdminController->addSliderItemPost()
 8 SYSTEMPATH\CodeIgniter.php(509): CodeIgniter\CodeIgniter->runController(Object(App\Controllers\AdminController))
 9 SYSTEMPATH\CodeIgniter.php(355): CodeIgniter\CodeIgniter->handleRequest(null, Object(Config\Cache), false)
10 SYSTEMPATH\Boot.php(325): CodeIgniter\CodeIgniter->run()
11 SYSTEMPATH\Boot.php(67): CodeIgniter\Boot::runCodeIgniter(Object(CodeIgniter\CodeIgniter))
12 FCPATH\index.php(56): CodeIgniter\Boot::bootWeb(Object(Config\Paths))
INFO - 2025-01-14 10:35:01 --> Session: Class initialized using 'CodeIgniter\Session\Handlers\DatabaseHandler' driver.
INFO - 2025-01-14 16:35:01 --> CSRF token verified.
CRITICAL - 2025-01-14 16:35:01 --> Intervention\Image\Exception\NotSupportedException: GD Library extension not available with this PHP installation.
[Method: POST, Route: Admin/addSliderItemPost]
in APPPATH\ThirdParty\intervention-image\vendor\intervention\image\src\Intervention\Image\Gd\Driver.php on line 19.
 1 APPPATH\ThirdParty\intervention-image\vendor\intervention\image\src\Intervention\Image\ImageManager.php(112): Intervention\Image\Gd\Driver->__construct()
 2 APPPATH\ThirdParty\intervention-image\vendor\intervention\image\src\Intervention\Image\ImageManager.php(54): Intervention\Image\ImageManager->createDriver()
 3 APPPATH\ThirdParty\intervention-image\vendor\intervention\image\src\Intervention\Image\ImageManagerStatic.php(58): Intervention\Image\ImageManager->make('uploads/temp/temp_67863dd5e746a1-25982564.jpg')
 4 APPPATH\Models\UploadModel.php(182): Intervention\Image\ImageManagerStatic::make('uploads/temp/temp_67863dd5e746a1-25982564.jpg')
 5 APPPATH\Models\CommonModel.php(104): App\Models\UploadModel->uploadSliderImage('uploads/temp/temp_67863dd5e746a1-25982564.jpg', false)
 6 APPPATH\Controllers\AdminController.php(145): App\Models\CommonModel->addSliderItem()
 7 SYSTEMPATH\CodeIgniter.php(933): App\Controllers\AdminController->addSliderItemPost()
 8 SYSTEMPATH\CodeIgniter.php(509): CodeIgniter\CodeIgniter->runController(Object(App\Controllers\AdminController))
 9 SYSTEMPATH\CodeIgniter.php(355): CodeIgniter\CodeIgniter->handleRequest(null, Object(Config\Cache), false)
10 SYSTEMPATH\Boot.php(325): CodeIgniter\CodeIgniter->run()
11 SYSTEMPATH\Boot.php(67): CodeIgniter\Boot::runCodeIgniter(Object(CodeIgniter\CodeIgniter))
12 FCPATH\index.php(56): CodeIgniter\Boot::bootWeb(Object(Config\Paths))
CRITICAL - 2025-01-14 16:35:02 --> ErrorException: Uncaught Error: Class "Locale" not found in C:\xampp\htdocs\modesy\system\Helpers\number_helper.php:140
Stack trace:
#0 C:\xampp\htdocs\modesy\system\Helpers\number_helper.php(58): format_number(16.0, 2, NULL, Array)
#1 C:\xampp\htdocs\modesy\system\Debug\BaseExceptionHandler.php(154): number_to_size(16.0, 2)
#2 C:\xampp\htdocs\modesy\app\Views\errors\html\error_exception.php(365): CodeIgniter\Debug\BaseExceptionHandler::describeMemory(16777216)
#3 C:\xampp\htdocs\modesy\system\Debug\BaseExceptionHandler.php(266): include('C:\\xampp\\htdocs...')
#4 C:\xampp\htdocs\modesy\system\Debug\BaseExceptionHandler.php(269): CodeIgniter\Debug\BaseExceptionHandler->CodeIgniter\Debug\{closure}()
#5 C:\xampp\htdocs\modesy\system\Debug\ExceptionHandler.php(114): CodeIgniter\Debug\BaseExceptionHandler->render(Object(Intervention\Image\Exception\NotSupportedException), 500, 'C:\\xampp\\htdocs...')
#6 C:\xampp\htdocs\modesy\system\Debug\Exceptions.php(163): CodeIgniter\Debug\ExceptionHandler->handle(Object(Intervention\Image\Exception\NotSupportedException), Object(CodeIgniter\HTTP\IncomingRequest), Object(CodeIgniter\HTTP\Response), 500, 1)
#7 [internal function]: CodeIgniter\Debug\Exceptions->exceptionHandler(Object(Intervention\Image\Exception\NotSupportedException))
#8 {main}
  thrown
【Previous Exception】
Intervention\Image\Exception\NotSupportedException
GD Library extension not available with this PHP installation.
#0 C:\xampp\htdocs\modesy\app\ThirdParty\intervention-image\vendor\intervention\image\src\Intervention\Image\ImageManager.php(112): Intervention\Image\Gd\Driver->__construct()
#1 C:\xampp\htdocs\modesy\app\ThirdParty\intervention-image\vendor\intervention\image\src\Intervention\Image\ImageManager.php(54): Intervention\Image\ImageManager->createDriver()
#2 C:\xampp\htdocs\modesy\app\ThirdParty\intervention-image\vendor\intervention\image\src\Intervention\Image\ImageManagerStatic.php(58): Intervention\Image\ImageManager->make('uploads/temp/te...')
#3 C:\xampp\htdocs\modesy\app\Models\UploadModel.php(182): Intervention\Image\ImageManagerStatic::make('uploads/temp/te...')
#4 C:\xampp\htdocs\modesy\app\Models\CommonModel.php(104): App\Models\UploadModel->uploadSliderImage('uploads/temp/te...', false)
#5 C:\xampp\htdocs\modesy\app\Controllers\AdminController.php(145): App\Models\CommonModel->addSliderItem()
#6 C:\xampp\htdocs\modesy\system\CodeIgniter.php(933): App\Controllers\AdminController->addSliderItemPost()
#7 C:\xampp\htdocs\modesy\system\CodeIgniter.php(509): CodeIgniter\CodeIgniter->runController(Object(App\Controllers\AdminController))
#8 C:\xampp\htdocs\modesy\system\CodeIgniter.php(355): CodeIgniter\CodeIgniter->handleRequest(NULL, Object(Config\Cache), false)
#9 C:\xampp\htdocs\modesy\system\Boot.php(325): CodeIgniter\CodeIgniter->run()
#10 C:\xampp\htdocs\modesy\system\Boot.php(67): CodeIgniter\Boot::runCodeIgniter(Object(CodeIgniter\CodeIgniter))
#11 C:\xampp\htdocs\modesy\index.php(56): CodeIgniter\Boot::bootWeb(Object(Config\Paths))
#12 {main}
[Method: POST, Route: Admin/addSliderItemPost]
in SYSTEMPATH\Helpers\number_helper.php on line 140.
 1 [internal function]: CodeIgniter\Debug\Exceptions->shutdownHandler()
INFO - 2025-01-14 10:35:10 --> Session: Class initialized using 'CodeIgniter\Session\Handlers\DatabaseHandler' driver.
INFO - 2025-01-14 10:35:10 --> Session: Class initialized using 'CodeIgniter\Session\Handlers\DatabaseHandler' driver.
INFO - 2025-01-14 16:35:10 --> CSRF token verified.
INFO - 2025-01-14 10:35:11 --> Session: Class initialized using 'CodeIgniter\Session\Handlers\DatabaseHandler' driver.
INFO - 2025-01-14 10:35:11 --> Session: Class initialized using 'CodeIgniter\Session\Handlers\DatabaseHandler' driver.
INFO - 2025-01-14 16:35:11 --> CSRF token verified.
INFO - 2025-01-14 10:35:13 --> Session: Class initialized using 'CodeIgniter\Session\Handlers\DatabaseHandler' driver.
INFO - 2025-01-14 10:35:13 --> Session: Class initialized using 'CodeIgniter\Session\Handlers\DatabaseHandler' driver.
INFO - 2025-01-14 16:35:13 --> CSRF token verified.
INFO - 2025-01-14 10:35:24 --> Session: Class initialized using 'CodeIgniter\Session\Handlers\DatabaseHandler' driver.
INFO - 2025-01-14 16:35:24 --> CSRF token verified.
CRITICAL - 2025-01-14 16:35:24 --> Intervention\Image\Exception\NotSupportedException: GD Library extension not available with this PHP installation.
[Method: POST, Route: Admin/addSliderItemPost]
in APPPATH\ThirdParty\intervention-image\vendor\intervention\image\src\Intervention\Image\Gd\Driver.php on line 19.
 1 APPPATH\ThirdParty\intervention-image\vendor\intervention\image\src\Intervention\Image\ImageManager.php(112): Intervention\Image\Gd\Driver->__construct()
 2 APPPATH\ThirdParty\intervention-image\vendor\intervention\image\src\Intervention\Image\ImageManager.php(54): Intervention\Image\ImageManager->createDriver()
 3 APPPATH\ThirdParty\intervention-image\vendor\intervention\image\src\Intervention\Image\ImageManagerStatic.php(58): Intervention\Image\ImageManager->make('uploads/temp/temp_67863dec2130a1-75063560.jpg')
 4 APPPATH\Models\UploadModel.php(182): Intervention\Image\ImageManagerStatic::make('uploads/temp/temp_67863dec2130a1-75063560.jpg')
 5 APPPATH\Models\CommonModel.php(104): App\Models\UploadModel->uploadSliderImage('uploads/temp/temp_67863dec2130a1-75063560.jpg', false)
 6 APPPATH\Controllers\AdminController.php(145): App\Models\CommonModel->addSliderItem()
 7 SYSTEMPATH\CodeIgniter.php(933): App\Controllers\AdminController->addSliderItemPost()
 8 SYSTEMPATH\CodeIgniter.php(509): CodeIgniter\CodeIgniter->runController(Object(App\Controllers\AdminController))
 9 SYSTEMPATH\CodeIgniter.php(355): CodeIgniter\CodeIgniter->handleRequest(null, Object(Config\Cache), false)
10 SYSTEMPATH\Boot.php(325): CodeIgniter\CodeIgniter->run()
11 SYSTEMPATH\Boot.php(67): CodeIgniter\Boot::runCodeIgniter(Object(CodeIgniter\CodeIgniter))
12 FCPATH\index.php(56): CodeIgniter\Boot::bootWeb(Object(Config\Paths))
CRITICAL - 2025-01-14 16:35:24 --> ErrorException: Uncaught Error: Class "Locale" not found in C:\xampp\htdocs\modesy\system\Helpers\number_helper.php:140
Stack trace:
#0 C:\xampp\htdocs\modesy\system\Helpers\number_helper.php(58): format_number(16.0, 2, NULL, Array)
#1 C:\xampp\htdocs\modesy\system\Debug\BaseExceptionHandler.php(154): number_to_size(16.0, 2)
#2 C:\xampp\htdocs\modesy\app\Views\errors\html\error_exception.php(365): CodeIgniter\Debug\BaseExceptionHandler::describeMemory(16777216)
#3 C:\xampp\htdocs\modesy\system\Debug\BaseExceptionHandler.php(266): include('C:\\xampp\\htdocs...')
#4 C:\xampp\htdocs\modesy\system\Debug\BaseExceptionHandler.php(269): CodeIgniter\Debug\BaseExceptionHandler->CodeIgniter\Debug\{closure}()
#5 C:\xampp\htdocs\modesy\system\Debug\ExceptionHandler.php(114): CodeIgniter\Debug\BaseExceptionHandler->render(Object(Intervention\Image\Exception\NotSupportedException), 500, 'C:\\xampp\\htdocs...')
#6 C:\xampp\htdocs\modesy\system\Debug\Exceptions.php(163): CodeIgniter\Debug\ExceptionHandler->handle(Object(Intervention\Image\Exception\NotSupportedException), Object(CodeIgniter\HTTP\IncomingRequest), Object(CodeIgniter\HTTP\Response), 500, 1)
#7 [internal function]: CodeIgniter\Debug\Exceptions->exceptionHandler(Object(Intervention\Image\Exception\NotSupportedException))
#8 {main}
  thrown
【Previous Exception】
Intervention\Image\Exception\NotSupportedException
GD Library extension not available with this PHP installation.
#0 C:\xampp\htdocs\modesy\app\ThirdParty\intervention-image\vendor\intervention\image\src\Intervention\Image\ImageManager.php(112): Intervention\Image\Gd\Driver->__construct()
#1 C:\xampp\htdocs\modesy\app\ThirdParty\intervention-image\vendor\intervention\image\src\Intervention\Image\ImageManager.php(54): Intervention\Image\ImageManager->createDriver()
#2 C:\xampp\htdocs\modesy\app\ThirdParty\intervention-image\vendor\intervention\image\src\Intervention\Image\ImageManagerStatic.php(58): Intervention\Image\ImageManager->make('uploads/temp/te...')
#3 C:\xampp\htdocs\modesy\app\Models\UploadModel.php(182): Intervention\Image\ImageManagerStatic::make('uploads/temp/te...')
#4 C:\xampp\htdocs\modesy\app\Models\CommonModel.php(104): App\Models\UploadModel->uploadSliderImage('uploads/temp/te...', false)
#5 C:\xampp\htdocs\modesy\app\Controllers\AdminController.php(145): App\Models\CommonModel->addSliderItem()
#6 C:\xampp\htdocs\modesy\system\CodeIgniter.php(933): App\Controllers\AdminController->addSliderItemPost()
#7 C:\xampp\htdocs\modesy\system\CodeIgniter.php(509): CodeIgniter\CodeIgniter->runController(Object(App\Controllers\AdminController))
#8 C:\xampp\htdocs\modesy\system\CodeIgniter.php(355): CodeIgniter\CodeIgniter->handleRequest(NULL, Object(Config\Cache), false)
#9 C:\xampp\htdocs\modesy\system\Boot.php(325): CodeIgniter\CodeIgniter->run()
#10 C:\xampp\htdocs\modesy\system\Boot.php(67): CodeIgniter\Boot::runCodeIgniter(Object(CodeIgniter\CodeIgniter))
#11 C:\xampp\htdocs\modesy\index.php(56): CodeIgniter\Boot::bootWeb(Object(Config\Paths))
#12 {main}
[Method: POST, Route: Admin/addSliderItemPost]
in SYSTEMPATH\Helpers\number_helper.php on line 140.
 1 [internal function]: CodeIgniter\Debug\Exceptions->shutdownHandler()
INFO - 2025-01-14 10:39:00 --> Session: Class initialized using 'CodeIgniter\Session\Handlers\DatabaseHandler' driver.
INFO - 2025-01-14 16:39:00 --> CSRF token verified.
INFO - 2025-01-14 10:39:00 --> Session: Class initialized using 'CodeIgniter\Session\Handlers\DatabaseHandler' driver.
INFO - 2025-01-14 10:39:01 --> Session: Class initialized using 'CodeIgniter\Session\Handlers\DatabaseHandler' driver.
INFO - 2025-01-14 16:39:01 --> CSRF token verified.
INFO - 2025-01-14 10:39:07 --> Session: Class initialized using 'CodeIgniter\Session\Handlers\DatabaseHandler' driver.
INFO - 2025-01-14 10:39:08 --> Session: Class initialized using 'CodeIgniter\Session\Handlers\DatabaseHandler' driver.
INFO - 2025-01-14 16:39:08 --> CSRF token verified.
INFO - 2025-01-14 10:39:13 --> Session: Class initialized using 'CodeIgniter\Session\Handlers\DatabaseHandler' driver.
INFO - 2025-01-14 10:39:13 --> Session: Class initialized using 'CodeIgniter\Session\Handlers\DatabaseHandler' driver.
INFO - 2025-01-14 16:39:13 --> CSRF token verified.
INFO - 2025-01-14 10:39:26 --> Session: Class initialized using 'CodeIgniter\Session\Handlers\DatabaseHandler' driver.
INFO - 2025-01-14 16:39:26 --> CSRF token verified.
INFO - 2025-01-14 10:39:26 --> Session: Class initialized using 'CodeIgniter\Session\Handlers\DatabaseHandler' driver.
INFO - 2025-01-14 10:39:27 --> Session: Class initialized using 'CodeIgniter\Session\Handlers\DatabaseHandler' driver.
INFO - 2025-01-14 16:39:27 --> CSRF token verified.
INFO - 2025-01-14 10:39:30 --> Session: Class initialized using 'CodeIgniter\Session\Handlers\DatabaseHandler' driver.
INFO - 2025-01-14 10:39:30 --> Session: Class initialized using 'CodeIgniter\Session\Handlers\DatabaseHandler' driver.
INFO - 2025-01-14 16:39:30 --> CSRF token verified.
INFO - 2025-01-14 10:39:47 --> Session: Class initialized using 'CodeIgniter\Session\Handlers\DatabaseHandler' driver.
INFO - 2025-01-14 16:39:47 --> CSRF token verified.
INFO - 2025-01-14 10:39:48 --> Session: Class initialized using 'CodeIgniter\Session\Handlers\DatabaseHandler' driver.
INFO - 2025-01-14 10:39:48 --> Session: Class initialized using 'CodeIgniter\Session\Handlers\DatabaseHandler' driver.
INFO - 2025-01-14 16:39:48 --> CSRF token verified.
INFO - 2025-01-14 10:39:50 --> Session: Class initialized using 'CodeIgniter\Session\Handlers\DatabaseHandler' driver.
INFO - 2025-01-14 10:39:50 --> Session: Class initialized using 'CodeIgniter\Session\Handlers\DatabaseHandler' driver.
INFO - 2025-01-14 16:39:50 --> CSRF token verified.
INFO - 2025-01-14 10:40:07 --> Session: Class initialized using 'CodeIgniter\Session\Handlers\DatabaseHandler' driver.
INFO - 2025-01-14 10:40:07 --> Session: Class initialized using 'CodeIgniter\Session\Handlers\DatabaseHandler' driver.
INFO - 2025-01-14 16:40:07 --> CSRF token verified.
INFO - 2025-01-14 10:40:14 --> Session: Class initialized using 'CodeIgniter\Session\Handlers\DatabaseHandler' driver.
INFO - 2025-01-14 16:40:14 --> CSRF token verified.
INFO - 2025-01-14 10:40:14 --> Session: Class initialized using 'CodeIgniter\Session\Handlers\DatabaseHandler' driver.
INFO - 2025-01-14 10:40:15 --> Session: Class initialized using 'CodeIgniter\Session\Handlers\DatabaseHandler' driver.
INFO - 2025-01-14 16:40:15 --> CSRF token verified.
INFO - 2025-01-14 10:40:18 --> Session: Class initialized using 'CodeIgniter\Session\Handlers\DatabaseHandler' driver.
INFO - 2025-01-14 10:40:19 --> Session: Class initialized using 'CodeIgniter\Session\Handlers\DatabaseHandler' driver.
INFO - 2025-01-14 16:40:19 --> CSRF token verified.
INFO - 2025-01-14 10:40:22 --> Session: Class initialized using 'CodeIgniter\Session\Handlers\DatabaseHandler' driver.
INFO - 2025-01-14 10:40:22 --> Session: Class initialized using 'CodeIgniter\Session\Handlers\DatabaseHandler' driver.
INFO - 2025-01-14 16:40:22 --> CSRF token verified.
INFO - 2025-01-14 10:40:23 --> Session: Class initialized using 'CodeIgniter\Session\Handlers\DatabaseHandler' driver.
INFO - 2025-01-14 10:40:23 --> Session: Class initialized using 'CodeIgniter\Session\Handlers\DatabaseHandler' driver.
INFO - 2025-01-14 16:40:23 --> CSRF token verified.
INFO - 2025-01-14 10:40:26 --> Session: Class initialized using 'CodeIgniter\Session\Handlers\DatabaseHandler' driver.
INFO - 2025-01-14 10:40:27 --> Session: Class initialized using 'CodeIgniter\Session\Handlers\DatabaseHandler' driver.
INFO - 2025-01-14 16:40:27 --> CSRF token verified.
INFO - 2025-01-14 10:40:31 --> Session: Class initialized using 'CodeIgniter\Session\Handlers\DatabaseHandler' driver.
INFO - 2025-01-14 16:40:31 --> CSRF token verified.
INFO - 2025-01-14 10:40:32 --> Session: Class initialized using 'CodeIgniter\Session\Handlers\DatabaseHandler' driver.
INFO - 2025-01-14 10:40:32 --> Session: Class initialized using 'CodeIgniter\Session\Handlers\DatabaseHandler' driver.
INFO - 2025-01-14 16:40:32 --> CSRF token verified.
INFO - 2025-01-14 10:40:33 --> Session: Class initialized using 'CodeIgniter\Session\Handlers\DatabaseHandler' driver.
INFO - 2025-01-14 10:40:33 --> Session: Class initialized using 'CodeIgniter\Session\Handlers\DatabaseHandler' driver.
INFO - 2025-01-14 16:40:33 --> CSRF token verified.
INFO - 2025-01-14 10:40:34 --> Session: Class initialized using 'CodeIgniter\Session\Handlers\DatabaseHandler' driver.
INFO - 2025-01-14 10:40:35 --> Session: Class initialized using 'CodeIgniter\Session\Handlers\DatabaseHandler' driver.
INFO - 2025-01-14 16:40:35 --> CSRF token verified.
INFO - 2025-01-14 10:40:53 --> Session: Class initialized using 'CodeIgniter\Session\Handlers\DatabaseHandler' driver.
INFO - 2025-01-14 16:40:53 --> CSRF token verified.
INFO - 2025-01-14 10:40:53 --> Session: Class initialized using 'CodeIgniter\Session\Handlers\DatabaseHandler' driver.
INFO - 2025-01-14 10:40:53 --> Session: Class initialized using 'CodeIgniter\Session\Handlers\DatabaseHandler' driver.
INFO - 2025-01-14 16:40:53 --> CSRF token verified.
INFO - 2025-01-14 10:40:54 --> Session: Class initialized using 'CodeIgniter\Session\Handlers\DatabaseHandler' driver.
INFO - 2025-01-14 10:40:55 --> Session: Class initialized using 'CodeIgniter\Session\Handlers\DatabaseHandler' driver.
INFO - 2025-01-14 16:40:55 --> CSRF token verified.
INFO - 2025-01-14 10:41:20 --> Session: Class initialized using 'CodeIgniter\Session\Handlers\DatabaseHandler' driver.
INFO - 2025-01-14 10:41:20 --> Session: Class initialized using 'CodeIgniter\Session\Handlers\DatabaseHandler' driver.
INFO - 2025-01-14 16:41:20 --> CSRF token verified.
INFO - 2025-01-14 10:41:30 --> Session: Class initialized using 'CodeIgniter\Session\Handlers\DatabaseHandler' driver.
INFO - 2025-01-14 10:41:30 --> Session: Class initialized using 'CodeIgniter\Session\Handlers\DatabaseHandler' driver.
INFO - 2025-01-14 16:41:30 --> CSRF token verified.
INFO - 2025-01-14 10:46:03 --> Session: Class initialized using 'CodeIgniter\Session\Handlers\DatabaseHandler' driver.
INFO - 2025-01-14 10:46:03 --> Session: Class initialized using 'CodeIgniter\Session\Handlers\DatabaseHandler' driver.
INFO - 2025-01-14 16:46:03 --> CSRF token verified.
INFO - 2025-01-14 10:46:06 --> Session: Class initialized using 'CodeIgniter\Session\Handlers\DatabaseHandler' driver.
INFO - 2025-01-14 10:46:07 --> Session: Class initialized using 'CodeIgniter\Session\Handlers\DatabaseHandler' driver.
INFO - 2025-01-14 16:46:07 --> CSRF token verified.
INFO - 2025-01-14 10:46:11 --> Session: Class initialized using 'CodeIgniter\Session\Handlers\DatabaseHandler' driver.
INFO - 2025-01-14 10:46:11 --> Session: Class initialized using 'CodeIgniter\Session\Handlers\DatabaseHandler' driver.
INFO - 2025-01-14 16:46:11 --> CSRF token verified.
INFO - 2025-01-14 10:46:13 --> Session: Class initialized using 'CodeIgniter\Session\Handlers\DatabaseHandler' driver.
INFO - 2025-01-14 16:46:13 --> CSRF token verified.
INFO - 2025-01-14 10:46:13 --> Session: Class initialized using 'CodeIgniter\Session\Handlers\DatabaseHandler' driver.
INFO - 2025-01-14 10:46:14 --> Session: Class initialized using 'CodeIgniter\Session\Handlers\DatabaseHandler' driver.
INFO - 2025-01-14 16:46:14 --> CSRF token verified.
INFO - 2025-01-14 10:46:20 --> Session: Class initialized using 'CodeIgniter\Session\Handlers\DatabaseHandler' driver.
INFO - 2025-01-14 10:46:20 --> Session: Class initialized using 'CodeIgniter\Session\Handlers\DatabaseHandler' driver.
INFO - 2025-01-14 16:46:20 --> CSRF token verified.
INFO - 2025-01-14 10:46:21 --> Session: Class initialized using 'CodeIgniter\Session\Handlers\DatabaseHandler' driver.
INFO - 2025-01-14 10:46:22 --> Session: Class initialized using 'CodeIgniter\Session\Handlers\DatabaseHandler' driver.
INFO - 2025-01-14 16:46:22 --> CSRF token verified.
INFO - 2025-01-14 10:46:26 --> Session: Class initialized using 'CodeIgniter\Session\Handlers\DatabaseHandler' driver.
INFO - 2025-01-14 10:46:26 --> Session: Class initialized using 'CodeIgniter\Session\Handlers\DatabaseHandler' driver.
INFO - 2025-01-14 16:46:26 --> CSRF token verified.
INFO - 2025-01-14 10:46:49 --> Session: Class initialized using 'CodeIgniter\Session\Handlers\DatabaseHandler' driver.
INFO - 2025-01-14 10:46:49 --> Session: Class initialized using 'CodeIgniter\Session\Handlers\DatabaseHandler' driver.
INFO - 2025-01-14 16:46:49 --> CSRF token verified.
INFO - 2025-01-14 12:43:08 --> Session: Class initialized using 'CodeIgniter\Session\Handlers\DatabaseHandler' driver.
INFO - 2025-01-14 12:43:09 --> Session: Class initialized using 'CodeIgniter\Session\Handlers\DatabaseHandler' driver.
INFO - 2025-01-14 18:43:09 --> CSRF token verified.
INFO - 2025-01-14 12:43:16 --> Session: Class initialized using 'CodeIgniter\Session\Handlers\DatabaseHandler' driver.
INFO - 2025-01-14 18:43:16 --> CSRF token verified.
INFO - 2025-01-14 12:43:16 --> Session: Class initialized using 'CodeIgniter\Session\Handlers\DatabaseHandler' driver.
INFO - 2025-01-14 12:43:16 --> Session: Class initialized using 'CodeIgniter\Session\Handlers\DatabaseHandler' driver.
INFO - 2025-01-14 18:43:16 --> CSRF token verified.
INFO - 2025-01-14 12:43:27 --> Session: Class initialized using 'CodeIgniter\Session\Handlers\DatabaseHandler' driver.
INFO - 2025-01-14 12:43:28 --> Session: Class initialized using 'CodeIgniter\Session\Handlers\DatabaseHandler' driver.
INFO - 2025-01-14 18:43:28 --> CSRF token verified.
INFO - 2025-01-14 12:43:34 --> Session: Class initialized using 'CodeIgniter\Session\Handlers\DatabaseHandler' driver.
INFO - 2025-01-14 12:43:35 --> Session: Class initialized using 'CodeIgniter\Session\Handlers\DatabaseHandler' driver.
INFO - 2025-01-14 18:43:35 --> CSRF token verified.
INFO - 2025-01-14 12:43:41 --> Session: Class initialized using 'CodeIgniter\Session\Handlers\DatabaseHandler' driver.
INFO - 2025-01-14 12:43:41 --> Session: Class initialized using 'CodeIgniter\Session\Handlers\DatabaseHandler' driver.
INFO - 2025-01-14 18:43:41 --> CSRF token verified.
INFO - 2025-01-14 12:44:25 --> Session: Class initialized using 'CodeIgniter\Session\Handlers\DatabaseHandler' driver.
INFO - 2025-01-14 12:44:25 --> Session: Class initialized using 'CodeIgniter\Session\Handlers\DatabaseHandler' driver.
INFO - 2025-01-14 18:44:25 --> CSRF token verified.
